Started GET "/" for ::1 at 2019-04-02 10:58:18 +0200
Processing by HomeController#welcome as HTML
  Rendering home/welcome.html.erb within layouts/application
  Rendered home/welcome.html.erb within layouts/application (1.3ms)
Completed 200 OK in 649ms (Views: 625.6ms | ActiveRecord: 0.0ms)


Started GET "/" for ::1 at 2019-04-02 10:58:31 +0200
Processing by HomeController#welcome as HTML
  Rendering home/welcome.html.erb within layouts/application
  Rendered home/welcome.html.erb within layouts/application (0.4ms)
Completed 200 OK in 22ms (Views: 19.9ms | ActiveRecord: 0.0ms)


Started GET "/" for ::1 at 2019-04-02 10:58:33 +0200
Processing by HomeController#welcome as HTML
  Rendering home/welcome.html.erb within layouts/application
  Rendered home/welcome.html.erb within layouts/application (0.3ms)
Completed 200 OK in 32ms (Views: 30.8ms | ActiveRecord: 0.0ms)


Started GET "/home/welcome" for ::1 at 2019-04-02 10:59:00 +0200
Processing by HomeController#welcome as HTML
  Rendering home/welcome.html.erb within layouts/application
  Rendered home/welcome.html.erb within layouts/application (0.3ms)
Completed 200 OK in 32ms (Views: 29.4ms | ActiveRecord: 0.0ms)


